<?xml version="1.0" encoding="UTF-8"?>
<testng-results ignored="0" total="2" passed="1" failed="1" skipped="0">
  <reporter-output>
  </reporter-output>
  <suite started-at="2024-04-06T21:21:07 IST" name="Default suite" finished-at="2024-04-06T21:21:26 IST" duration-ms="18685">
    <groups>
      <group name="cucumber">
        <method signature="AbstractTestNGCucumberTests.runScenario(io.cucumber.testng.PickleWrapper,io.cucumber.testng.FeatureWrapper)[pri:0, instance:TestRunner.TestRunner@76494737]" name="runScenario" class="io.cucumber.testng.AbstractTestNGCucumberTests"/>
      </group> <!-- cucumber -->
    </groups>
    <test started-at="2024-04-06T21:21:07 IST" name="Default test" finished-at="2024-04-06T21:21:26 IST" duration-ms="18685">
      <class name="TestRunner.TestRunner">
        <test-method is-config="true" signature="setUpClass(org.testng.ITestContext)[pri:0, instance:TestRunner.TestRunner@76494737]" started-at="2024-04-06T21:21:07 IST" name="setUpClass" finished-at="2024-04-06T21:21:09 IST" duration-ms="1187" status="PASS">
          <params>
            <param index="0">
              <value>
                <![CDATA[org.testng.TestRunner@572e6fd9]]>
              </value>
            </param>
          </params>
          <reporter-output>
          </reporter-output>
        </test-method> <!-- setUpClass -->
        <test-method signature="runScenario(io.cucumber.testng.PickleWrapper,io.cucumber.testng.FeatureWrapper)[pri:0, instance:TestRunner.TestRunner@76494737]" started-at="2024-04-06T21:21:09 IST" name="runScenario" description="Runs Cucumber Scenarios" data-provider="scenarios" finished-at="2024-04-06T21:21:21 IST" duration-ms="12793" status="PASS">
          <params>
            <param index="0">
              <value>
                <![CDATA["close the popup with time"]]>
              </value>
            </param>
            <param index="1">
              <value>
                <![CDATA["Home page Functionalities"]]>
              </value>
            </param>
          </params>
          <reporter-output>
          </reporter-output>
        </test-method> <!-- runScenario -->
        <test-method signature="runScenario(io.cucumber.testng.PickleWrapper,io.cucumber.testng.FeatureWrapper)[pri:0, instance:TestRunner.TestRunner@76494737]" started-at="2024-04-06T21:21:09 IST" name="runScenario" description="Runs Cucumber Scenarios" data-provider="scenarios" finished-at="2024-04-06T21:21:25 IST" duration-ms="16637" status="FAIL">
          <params>
            <param index="0">
              <value>
                <![CDATA["carpage default india"]]>
              </value>
            </param>
            <param index="1">
              <value>
                <![CDATA["Home page Functionalities"]]>
              </value>
            </param>
          </params>
          <exception class="java.lang.AssertionError">
            <message>
              <![CDATA[expected [INR] but found [SDF]]]>
            </message>
            <full-stacktrace>
              <![CDATA[java.lang.AssertionError: expected [INR] but found [SDF]
at org.testng.Assert.fail(Assert.java:110)
at org.testng.Assert.failNotEquals(Assert.java:1413)
at org.testng.Assert.assertEqualsImpl(Assert.java:149)
at org.testng.Assert.assertEquals(Assert.java:131)
at org.testng.Assert.assertEquals(Assert.java:655)
at org.testng.Assert.assertEquals(Assert.java:665)
at Stepdefinitions.CarPageSteps.should_see_currency_as(CarPageSteps.java:40)
at âœ½.should see currency as "india"(file:///C:/Users/krishna/CucumberFramework/KIWICucumber/src/test/java/Features/Homepage.feature:31)
]]>
            </full-stacktrace>
          </exception> <!-- java.lang.AssertionError -->
          <reporter-output>
          </reporter-output>
        </test-method> <!-- runScenario -->
        <test-method is-config="true" signature="tearDownClass()[pri:0, instance:TestRunner.TestRunner@76494737]" started-at="2024-04-06T21:21:25 IST" name="tearDownClass" finished-at="2024-04-06T21:21:26 IST" duration-ms="754" status="PASS">
          <reporter-output>
          </reporter-output>
        </test-method> <!-- tearDownClass -->
      </class> <!-- TestRunner.TestRunner -->
    </test> <!-- Default test -->
  </suite> <!-- Default suite -->
</testng-results>
